{
  "stats": {
    "suites": 1,
    "tests": 4,
    "passes": 4,
    "pending": 0,
    "failures": 0,
    "start": "2025-06-23T20:27:28.049Z",
    "end": "2025-06-23T20:27:39.342Z",
    "duration": 11293,
    "testsRegistered": 4,
    "passPercent": 100,
    "pendingPercent": 0,
    "other": 0,
    "hasOther": false,
    "skipped": 0,
    "hasSkipped": false
  },
  "results": [
    {
      "uuid": "cdb7f933-c269-4e9e-9a8a-5ebd09812ba1",
      "title": "",
      "fullFile": "C:\\Users\\testu\\Documents\\Mini Bootcamp QA Engineer\\2. Meeting\\Sesi 9 - Web UI Automation Fundamental\\Homework Sesi 9\\Normagupitasari_Sesi9\\tests\\saucedemo.js",
      "file": "\\tests\\saucedemo.js",
      "beforeHooks": [],
      "afterHooks": [],
      "tests": [],
      "suites": [
        {
          "uuid": "da40ba0c-82f0-4d59-a003-dacf86cc9115",
          "title": "Google Search Test",
          "fullFile": "C:\\Users\\testu\\Documents\\Mini Bootcamp QA Engineer\\2. Meeting\\Sesi 9 - Web UI Automation Fundamental\\Homework Sesi 9\\Normagupitasari_Sesi9\\tests\\saucedemo.js",
          "file": "\\tests\\saucedemo.js",
          "beforeHooks": [],
          "afterHooks": [],
          "tests": [
            {
              "title": "Visit SauceDemo dan Cek Page Title",
              "fullTitle": "Google Search Test Visit SauceDemo dan Cek Page Title",
              "timedOut": false,
              "duration": 2996,
              "state": "passed",
              "speed": "slow",
              "pass": true,
              "fail": false,
              "pending": false,
              "context": null,
              "code": "driver = await new Builder().forBrowser('chrome').build();\nawait driver.get('https://www.saucedemo.com');\n\nconst title = await driver.getTitle();\nassert.strictEqual(title, 'Swag Labs', 'Page title should be \"Swag Labs\"');\n\nawait driver.quit();",
              "err": {},
              "uuid": "66ddd2c1-7137-459b-95fb-5d0cfd49f328",
              "parentUUID": "da40ba0c-82f0-4d59-a003-dacf86cc9115",
              "isHook": false,
              "skipped": false
            },
            {
              "title": "Cek Button Login",
              "fullTitle": "Google Search Test Cek Button Login",
              "timedOut": false,
              "duration": 2536,
              "state": "passed",
              "speed": "slow",
              "pass": true,
              "fail": false,
              "pending": false,
              "context": null,
              "code": "driver = await new Builder().forBrowser('chrome').build();\nawait driver.get('https://www.saucedemo.com');\n\nlet buttonLogin = await driver.findElement(By.xpath('//*[@id=\"login-button\"]'));\nconst isButtonLoginDisplayed = await buttonLogin.isDisplayed()\nawait buttonLogin.isDisplayed()\n\nassert.strictEqual(isButtonLoginDisplayed, true, 'Button Login should be displayed');\n\nawait driver.quit();",
              "err": {},
              "uuid": "41215d17-8b19-41ef-9121-09270c7d10fc",
              "parentUUID": "da40ba0c-82f0-4d59-a003-dacf86cc9115",
              "isHook": false,
              "skipped": false
            },
            {
              "title": "Login SauceDemo",
              "fullTitle": "Google Search Test Login SauceDemo",
              "timedOut": false,
              "duration": 2824,
              "state": "passed",
              "speed": "slow",
              "pass": true,
              "fail": false,
              "pending": false,
              "context": null,
              "code": "driver = await new Builder().forBrowser('chrome').build();\nawait driver.get('https://www.saucedemo.com');\nlet inputUsername = await driver.findElement(By.xpath('//*[@id=\"user-name\"]'))\nlet inputPassword = await driver.findElement(By.xpath('//*[@id=\"password\"]'));\nlet buttonLogin = await driver.findElement(By.xpath('//*[@id=\"login-button\"]'));\nawait inputUsername.sendKeys('standard_user');\nawait inputPassword.sendKeys('secret_sauce');\nawait buttonLogin.click();  \nconst title = await driver.getTitle();\n\nawait driver.quit();",
              "err": {},
              "uuid": "2edc67f3-31c1-41a3-9671-b74c1d1dd86d",
              "parentUUID": "da40ba0c-82f0-4d59-a003-dacf86cc9115",
              "isHook": false,
              "skipped": false
            },
            {
              "title": "Urutkan Produk Z-A",
              "fullTitle": "Google Search Test Urutkan Produk Z-A",
              "timedOut": false,
              "duration": 2927,
              "state": "passed",
              "speed": "slow",
              "pass": true,
              "fail": false,
              "pending": false,
              "context": null,
              "code": "let driver = await new Builder().forBrowser('chrome').build();\n// 1. Buka halaman login\nawait driver.get('https://www.saucedemo.com');\n// 2. Login terlebih dahulu\nawait driver.findElement(By.id('user-name')).sendKeys('standard_user');\nawait driver.findElement(By.id('password')).sendKeys('secret_sauce');\nawait driver.findElement(By.id('login-button')).click();\n// 3. Tunggu sampai dropdown muncul setelah login\nawait driver.wait(until.elementLocated(By.className('product_sort_container')), 5000);\n// 4. Pilih dropdown dan klik opsi \"Z to A\"\nlet dropdown = await driver.findElement(By.className('product_sort_container'));\nawait dropdown.sendKeys('Name (Z to A)');\nawait driver.quit();",
              "err": {},
              "uuid": "c4925005-1f40-4095-856f-869a67e3c6ef",
              "parentUUID": "da40ba0c-82f0-4d59-a003-dacf86cc9115",
              "isHook": false,
              "skipped": false
            }
          ],
          "suites": [],
          "passes": [
            "66ddd2c1-7137-459b-95fb-5d0cfd49f328",
            "41215d17-8b19-41ef-9121-09270c7d10fc",
            "2edc67f3-31c1-41a3-9671-b74c1d1dd86d",
            "c4925005-1f40-4095-856f-869a67e3c6ef"
          ],
          "failures": [],
          "pending": [],
          "skipped": [],
          "duration": 11283,
          "root": false,
          "rootEmpty": false,
          "_timeout": 60000
        }
      ],
      "passes": [],
      "failures": [],
      "pending": [],
      "skipped": [],
      "duration": 0,
      "root": true,
      "rootEmpty": true,
      "_timeout": 60000
    }
  ],
  "meta": {
    "mocha": {
      "version": "10.8.2"
    },
    "mochawesome": {
      "options": {
        "quiet": false,
        "reportFilename": "mochawesome",
        "saveHtml": true,
        "saveJson": true,
        "consoleReporter": "spec",
        "useInlineDiffs": false,
        "code": true
      },
      "version": "7.1.3"
    },
    "marge": {
      "options": null,
      "version": "6.2.0"
    }
  }
}